14:26:53: Creating resource group General
14:26:53: Creating resource group Internal
14:26:53: Creating resource group Autodetect
14:26:53: SceneManagerFactory for type 'DefaultSceneManager' registered.
14:26:53: Registering ResourceManager for type Material
14:26:53: Registering ResourceManager for type Mesh
14:26:53: Registering ResourceManager for type Skeleton
14:26:53: MovableObjectFactory for type 'ParticleSystem' registered.
14:26:53: ArchiveFactory for archive type FileSystem registered.
14:26:53: ArchiveFactory for archive type Zip registered.
14:26:53: ArchiveFactory for archive type EmbeddedZip registered.
14:26:53: DDS codec registering
14:26:53: FreeImage version: 3.18.0
14:26:53: This program uses FreeImage, a free, open source image library supporting all common bitmap formats. See http://freeimage.sourceforge.net for details
14:26:53: Supported formats: bmp,ico,jpg,jif,jpeg,jpe,jng,koa,iff,lbm,mng,pbm,pbm,pcd,pcx,pgm,pgm,png,ppm,ppm,ras,tga,targa,tif,tiff,wap,wbmp,wbm,psd,psb,cut,xbm,xpm,gif,hdr,g3,sgi,rgb,rgba,bw,exr,j2k,j2c,jp2,pfm,pct,pict,pic,3fr,arw,bay,bmq,cap,cine,cr2,crw,cs1,dc2,dcr,drf,dsc,dng,erf,fff,ia,iiq,k25,kc2,kdc,mdc,mef,mos,mrw,nef,nrw,orf,pef,ptx,pxn,qtk,raf,raw,rdc,rw2,rwl,rwz,sr2,srf,srw,sti,x3f,webp,jxr,wdp,hdp
14:26:53: ETC codec registering
14:26:53: Registering ResourceManager for type HighLevelGpuProgram
14:26:53: Registering ResourceManager for type Compositor
14:26:53: MovableObjectFactory for type 'Entity' registered.
14:26:53: MovableObjectFactory for type 'Light' registered.
14:26:53: MovableObjectFactory for type 'BillboardSet' registered.
14:26:53: MovableObjectFactory for type 'ManualObject' registered.
14:26:53: MovableObjectFactory for type 'BillboardChain' registered.
14:26:53: MovableObjectFactory for type 'RibbonTrail' registered.
14:26:53: Loading library .\RenderSystem_GL_d
14:26:53: Installing plugin: GL RenderSystem
14:26:53: OpenGL Rendering Subsystem created.
14:26:53: Plugin successfully installed
14:26:53: Loading library .\Plugin_OctreeSceneManager_d
14:26:53: Installing plugin: Octree Scene Manager
14:26:53: Plugin successfully installed
14:26:53: *-*-* OGRE Initialising
14:26:53: *-*-* Version 1.9.0 (Ghadamon)
14:26:53: CPU Identifier & Features
14:26:53: -------------------------
14:26:53:  *   CPU ID: GenuineIntel: Intel(R) Core(TM) i5-6300HQ CPU @ 2.30GHz
14:26:53:  *      SSE: yes
14:26:53:  *     SSE2: yes
14:26:53:  *     SSE3: yes
14:26:53:  *      MMX: yes
14:26:53:  *   MMXEXT: yes
14:26:53:  *    3DNOW: no
14:26:53:  * 3DNOWEXT: no
14:26:53:  *     CMOV: yes
14:26:53:  *      TSC: yes
14:26:53:  *      FPU: yes
14:26:53:  *      PRO: yes
14:26:53:  *       HT: no
14:26:53: -------------------------
14:26:53: *** Starting Win32GL Subsystem ***
14:26:53: Registering ResourceManager for type Texture
14:26:53: GLRenderSystem::_createRenderWindow "Rotate : Copyleft by Dae-Hyun Lee", 1024x768 windowed  miscParams: FSAA=0 FSAAHint= colourDepth=32 displayFrequency=0 gamma=false vsync=false vsyncInterval=1 
14:26:53: Created Win32Window 'Rotate : Copyleft by Dae-Hyun Lee' : 1040x807, 32bpp
14:26:53: GL_VERSION = 4.4.0 - Build 20.19.15.4380
14:26:53: GL_VENDOR = Intel
14:26:53: GL_RENDERER = Intel(R) HD Graphics 530
14:26:53: GL_EXTENSIONS = GL_EXT_blend_minmax GL_EXT_blend_subtract GL_EXT_blend_color GL_EXT_abgr GL_EXT_texture3D GL_EXT_clip_volume_hint GL_EXT_compiled_vertex_array GL_SGIS_texture_edge_clamp GL_SGIS_generate_mipmap GL_EXT_draw_range_elements GL_SGIS_texture_lod GL_EXT_rescale_normal GL_EXT_packed_pixels GL_EXT_texture_edge_clamp GL_EXT_separate_specular_color GL_ARB_multitexture GL_ARB_map_buffer_alignment GL_ARB_conservative_depth GL_EXT_texture_env_combine GL_EXT_bgra GL_EXT_blend_func_separate GL_EXT_secondary_color GL_EXT_fog_coord GL_EXT_texture_env_add GL_ARB_texture_cube_map GL_ARB_transpose_matrix GL_ARB_internalformat_query GL_ARB_internalformat_query2 GL_ARB_texture_env_add GL_IBM_texture_mirrored_repeat GL_ARB_texture_mirrored_repeat GL_EXT_multi_draw_arrays GL_SUN_multi_draw_arrays GL_NV_blend_square GL_ARB_texture_compression GL_3DFX_texture_compression_FXT1 GL_EXT_texture_filter_anisotropic GL_ARB_texture_border_clamp GL_ARB_point_parameters GL_ARB_texture_env_combine GL_ARB_texture_env_dot3 GL_ARB_texture_env_crossbar GL_EXT_texture_compression_s3tc GL_ARB_shadow GL_ARB_window_pos GL_EXT_shadow_funcs GL_EXT_stencil_wrap GL_ARB_vertex_program GL_EXT_texture_rectangle GL_ARB_fragment_program GL_EXT_stencil_two_side GL_ATI_separate_stencil GL_ARB_vertex_buffer_object GL_EXT_texture_lod_bias GL_ARB_occlusion_query GL_ARB_fragment_shader GL_ARB_shader_objects GL_ARB_shading_language_100 GL_ARB_texture_non_power_of_two GL_ARB_vertex_shader GL_NV_texgen_reflection GL_ARB_point_sprite GL_ARB_fragment_program_shadow GL_EXT_blend_equation_separate GL_ARB_depth_texture GL_ARB_texture_rectangle GL_ARB_draw_buffers GL_ARB_color_buffer_float GL_ARB_half_float_pixel GL_ARB_texture_float GL_ARB_pixel_buffer_object GL_EXT_framebuffer_object GL_ARB_draw_instanced GL_ARB_half_float_vertex GL_ARB_occlusion_query2 GL_EXT_draw_buffers2 GL_WIN_swap_hint GL_EXT_texture_sRGB GL_ARB_multisample GL_EXT_packed_float GL_EXT_texture_shared_exponent GL_ARB_texture_rg GL_ARB_texture_compression_rgtc GL_NV_conditional_render GL_ARB_texture_swizzle GL_EXT_texture_swizzle GL_ARB_texture_gather GL_ARB_sync GL_ARB_cl_event GL_ARB_framebuffer_sRGB GL_EXT_packed_depth_stencil GL_ARB_depth_buffer_float GL_EXT_transform_feedback GL_ARB_transform_feedback2 GL_ARB_draw_indirect GL_EXT_framebuffer_blit GL_EXT_framebuffer_multisample GL_ARB_framebuffer_object GL_ARB_framebuffer_no_attachments GL_EXT_texture_array GL_EXT_texture_integer GL_ARB_map_buffer_range GL_ARB_texture_buffer_range GL_EXT_texture_snorm GL_ARB_blend_func_extended GL_INTEL_performance_query GL_ARB_copy_buffer GL_ARB_sampler_objects GL_NV_primitive_restart GL_ARB_seamless_cube_map GL_ARB_seamless_cubemap_per_texture GL_ARB_uniform_buffer_object GL_ARB_depth_clamp GL_ARB_vertex_array_bgra GL_ARB_shader_bit_encoding GL_ARB_draw_buffers_blend GL_ARB_geometry_shader4 GL_EXT_geometry_shader4 GL_ARB_texture_query_lod GL_ARB_explicit_attrib_location GL_ARB_draw_elements_base_vertex GL_EXT_shader_integer_mix GL_ARB_instanced_arrays GL_ARB_base_instance GL_ARB_fragment_coord_conventions GL_EXT_gpu_program_parameters GL_ARB_texture_buffer_object_rgb32 GL_ARB_compatibility GL_ARB_texture_rgb10_a2ui GL_ARB_texture_multisample GL_ARB_vertex_type_2_10_10_10_rev GL_ARB_vertex_type_10f_11f_11f_rev GL_ARB_timer_query GL_ARB_tessellation_shader GL_ARB_vertex_array_object GL_ARB_provoking_vertex GL_ARB_sample_shading GL_ARB_texture_cube_map_array GL_EXT_gpu_shader4 GL_ARB_gpu_shader5 GL_ARB_gpu_shader_fp64 GL_INTEL_fragment_shader_ordering GL_ARB_fragment_shader_interlock GL_ARB_clip_control GL_EXT_shader_framebuffer_fetch GL_ARB_shader_subroutine GL_ARB_transform_feedback3 GL_ARB_get_program_binary GL_ARB_separate_shader_objects GL_ARB_shader_precision GL_ARB_vertex_attrib_64bit GL_ARB_viewport_array GL_ARB_transform_feedback_instanced GL_ARB_compressed_texture_pixel_storage GL_ARB_shader_atomic_counters GL_ARB_shading_language_packing GL_ARB_shader_image_load_store GL_ARB_shading_language_420pack GL_ARB_texture_storage GL_EXT_texture_storage GL_ARB_compute_shader GL_ARB_vertex_attrib_binding GL_ARB_texture_view GL_ARB_fragment_layer_viewport GL_ARB_multi_draw_indirect GL_ARB_program_interface_query GL_ARB_shader_image_size GL_ARB_shader_storage_buffer_object GL_ARB_texture_storage_multisample GL_ARB_buffer_storage GL_AMD_vertex_shader_layer GL_AMD_vertex_shader_viewport_index GL_ARB_query_buffer_object GL_EXT_polygon_offset_clamp GL_ARB_clear_texture GL_ARB_texture_mirror_clamp_to_edge GL_ARB_debug_output GL_ARB_enhanced_layouts GL_KHR_debug GL_ARB_arrays_of_arrays GL_ARB_texture_query_levels GL_ARB_invalidate_subdata GL_ARB_clear_buffer_object GL_AMD_depth_clamp_separate GL_ARB_shader_stencil_export GL_INTEL_map_texture GL_INTEL_conservative_rasterization GL_ARB_texture_compression_bptc GL_ARB_ES2_compatibility GL_ARB_ES3_compatibility GL_ARB_robustness GL_ARB_robust_buffer_access_behavior GL_EXT_texture_sRGB_decode GL_KHR_texture_compression_astc_ldr GL_KHR_texture_compression_astc_hdr GL_ARB_copy_image GL_KHR_blend_equation_advanced GL_EXT_direct_state_access GL_ARB_stencil_texturing GL_ARB_texture_stencil8 GL_ARB_explicit_uniform_location GL_INTEL_multi_rate_fragment_shader GL_ARB_multi_bind GL_ARB_indirect_parameters 
14:26:53: Supported WGL extensions: WGL_EXT_depth_float WGL_ARB_buffer_region WGL_ARB_extensions_string WGL_ARB_make_current_read WGL_ARB_pixel_format WGL_ARB_pbuffer WGL_EXT_extensions_string WGL_EXT_swap_control WGL_EXT_swap_control_tear WGL_ARB_multisample WGL_ARB_pixel_format_float WGL_ARB_framebuffer_sRGB WGL_ARB_create_context WGL_ARB_create_context_profile WGL_EXT_pixel_format_packed_float WGL_EXT_create_context_es_profile WGL_EXT_create_context_es2_profile WGL_NV_DX_interop WGL_ARB_create_context_robustness 
14:26:53: ***************************
14:26:53: *** GL Renderer Started ***
14:26:53: ***************************
14:26:53: Registering ResourceManager for type GpuProgram
14:26:53: GLSL support detected
14:26:53: GL: Using GL_EXT_framebuffer_object for rendering to textures (best)
14:26:53: FBO PF_UNKNOWN depth/stencil support: D0S1 D0S4 D0S8 D0S16 D16S0 D16S1 D16S4 D16S8 D16S16 D24S0 D24S1 D24S4 D24S8 D24S16 D32S0 D32S1 D32S4 D32S8 D32S16 Packed-D24S8 
14:26:53: FBO PF_A8 depth/stencil support: D0S0 D0S1 D0S4 D0S8 D0S16 D16S0 D16S1 D16S4 D16S8 D16S16 D24S0 D24S1 D24S4 D24S8 D24S16 D32S0 D32S1 D32S4 D32S8 D32S16 Packed-D24S8 
14:26:53: FBO PF_R5G6B5 depth/stencil support: D0S0 D0S1 D0S4 D0S8 D0S16 D16S0 D16S1 D16S4 D16S8 D16S16 D24S0 D24S1 D24S4 D24S8 D24S16 D32S0 D32S1 D32S4 D32S8 D32S16 Packed-D24S8 
14:26:53: FBO PF_B5G6R5 depth/stencil support: D0S0 D0S1 D0S4 D0S8 D0S16 D16S0 D16S1 D16S4 D16S8 D16S16 D24S0 D24S1 D24S4 D24S8 D24S16 D32S0 D32S1 D32S4 D32S8 D32S16 Packed-D24S8 
14:26:53: FBO PF_A4R4G4B4 depth/stencil support: D0S0 D0S1 D0S4 D0S8 D0S16 D16S0 D16S1 D16S4 D16S8 D16S16 D24S0 D24S1 D24S4 D24S8 D24S16 D32S0 D32S1 D32S4 D32S8 D32S16 Packed-D24S8 
14:26:53: FBO PF_A1R5G5B5 depth/stencil support: D0S0 D0S1 D0S4 D0S8 D0S16 D16S0 D16S1 D16S4 D16S8 D16S16 D24S0 D24S1 D24S4 D24S8 D24S16 D32S0 D32S1 D32S4 D32S8 D32S16 Packed-D24S8 
14:26:53: FBO PF_R8G8B8 depth/stencil support: D0S0 D0S1 D0S4 D0S8 D0S16 D16S0 D16S1 D16S4 D16S8 D16S16 D24S0 D24S1 D24S4 D24S8 D24S16 D32S0 D32S1 D32S4 D32S8 D32S16 Packed-D24S8 
14:26:53: FBO PF_B8G8R8 depth/stencil support: D0S0 D0S1 D0S4 D0S8 D0S16 D16S0 D16S1 D16S4 D16S8 D16S16 D24S0 D24S1 D24S4 D24S8 D24S16 D32S0 D32S1 D32S4 D32S8 D32S16 Packed-D24S8 
14:26:53: FBO PF_A8R8G8B8 depth/stencil support: D0S0 D0S1 D0S4 D0S8 D0S16 D16S0 D16S1 D16S4 D16S8 D16S16 D24S0 D24S1 D24S4 D24S8 D24S16 D32S0 D32S1 D32S4 D32S8 D32S16 Packed-D24S8 
14:26:53: FBO PF_B8G8R8A8 depth/stencil support: D0S0 D0S1 D0S4 D0S8 D0S16 D16S0 D16S1 D16S4 D16S8 D16S16 D24S0 D24S1 D24S4 D24S8 D24S16 D32S0 D32S1 D32S4 D32S8 D32S16 Packed-D24S8 
14:26:53: FBO PF_A2R10G10B10 depth/stencil support: D0S0 D0S1 D0S4 D0S8 D0S16 D16S0 D16S1 D16S4 D16S8 D16S16 D24S0 D24S1 D24S4 D24S8 D24S16 D32S0 D32S1 D32S4 D32S8 D32S16 Packed-D24S8 
14:26:53: FBO PF_A2B10G10R10 depth/stencil support: D0S0 D0S1 D0S4 D0S8 D0S16 D16S0 D16S1 D16S4 D16S8 D16S16 D24S0 D24S1 D24S4 D24S8 D24S16 D32S0 D32S1 D32S4 D32S8 D32S16 Packed-D24S8 
14:26:53: FBO PF_FLOAT16_RGB depth/stencil support: D0S0 D0S1 D0S4 D0S8 D0S16 D16S0 D16S1 D16S4 D16S8 D16S16 D24S0 D24S1 D24S4 D24S8 D24S16 D32S0 D32S1 D32S4 D32S8 D32S16 Packed-D24S8 
14:26:53: FBO PF_FLOAT16_RGBA depth/stencil support: D0S0 D0S1 D0S4 D0S8 D0S16 D16S0 D16S1 D16S4 D16S8 D16S16 D24S0 D24S1 D24S4 D24S8 D24S16 D32S0 D32S1 D32S4 D32S8 D32S16 Packed-D24S8 
14:26:53: FBO PF_FLOAT32_RGB depth/stencil support: D0S0 D0S1 D0S4 D0S8 D0S16 D16S0 D16S1 D16S4 D16S8 D16S16 D24S0 D24S1 D24S4 D24S8 D24S16 D32S0 D32S1 D32S4 D32S8 D32S16 Packed-D24S8 
14:26:53: FBO PF_FLOAT32_RGBA depth/stencil support: D0S0 D0S1 D0S4 D0S8 D0S16 D16S0 D16S1 D16S4 D16S8 D16S16 D24S0 D24S1 D24S4 D24S8 D24S16 D32S0 D32S1 D32S4 D32S8 D32S16 Packed-D24S8 
14:26:53: FBO PF_X8R8G8B8 depth/stencil support: D0S0 D0S1 D0S4 D0S8 D0S16 D16S0 D16S1 D16S4 D16S8 D16S16 D24S0 D24S1 D24S4 D24S8 D24S16 D32S0 D32S1 D32S4 D32S8 D32S16 Packed-D24S8 
14:26:53: FBO PF_X8B8G8R8 depth/stencil support: D0S0 D0S1 D0S4 D0S8 D0S16 D16S0 D16S1 D16S4 D16S8 D16S16 D24S0 D24S1 D24S4 D24S8 D24S16 D32S0 D32S1 D32S4 D32S8 D32S16 Packed-D24S8 
14:26:53: FBO PF_SHORT_RGBA depth/stencil support: D0S0 D0S1 D0S4 D0S8 D0S16 D16S0 D16S1 D16S4 D16S8 D16S16 D24S0 D24S1 D24S4 D24S8 D24S16 D32S0 D32S1 D32S4 D32S8 D32S16 Packed-D24S8 
14:26:53: FBO PF_R3G3B2 depth/stencil support: D0S0 D0S1 D0S4 D0S8 D0S16 D16S0 D16S1 D16S4 D16S8 D16S16 D24S0 D24S1 D24S4 D24S8 D24S16 D32S0 D32S1 D32S4 D32S8 D32S16 Packed-D24S8 
14:26:53: FBO PF_SHORT_RGB depth/stencil support: D0S0 D0S1 D0S4 D0S8 D0S16 D16S0 D16S1 D16S4 D16S8 D16S16 D24S0 D24S1 D24S4 D24S8 D24S16 D32S0 D32S1 D32S4 D32S8 D32S16 Packed-D24S8 
14:26:53: [GL] : Valid FBO targets PF_UNKNOWN PF_A8 PF_R5G6B5 PF_B5G6R5 PF_A4R4G4B4 PF_A1R5G5B5 PF_R8G8B8 PF_B8G8R8 PF_A8R8G8B8 PF_B8G8R8A8 PF_A2R10G10B10 PF_A2B10G10R10 PF_FLOAT16_RGB PF_FLOAT16_RGBA PF_FLOAT32_RGB PF_FLOAT32_RGBA PF_X8R8G8B8 PF_X8B8G8R8 PF_SHORT_RGBA PF_R3G3B2 PF_SHORT_RGB 
14:26:53: RenderSystem capabilities
14:26:53: -------------------------
14:26:53: RenderSystem Name: OpenGL Rendering Subsystem
14:26:53: GPU Vendor: intel
14:26:53: Device Name: Intel(R) HD Graphics 530
14:26:53: Driver Version: 4.4.0.0
14:26:53:  * Fixed function pipeline: yes
14:26:53:  * Hardware generation of mipmaps: no
14:26:53:  * Texture blending: yes
14:26:53:  * Anisotropic texture filtering: yes
14:26:53:  * Dot product texture operation: yes
14:26:53:  * Cube mapping: yes
14:26:53:  * Hardware stencil buffer: yes
14:26:53:    - Stencil depth: 8
14:26:53:    - Two sided stencil support: yes
14:26:53:    - Wrap stencil values: yes
14:26:53:  * Hardware vertex / index buffers: yes
14:26:53:  * 32-bit index buffers: yes
14:26:53:  * Vertex programs: yes
14:26:53:  * Number of floating-point constants for vertex programs: 256
14:26:53:  * Number of integer constants for vertex programs: 0
14:26:53:  * Number of boolean constants for vertex programs: 0
14:26:53:  * Fragment programs: yes
14:26:53:  * Number of floating-point constants for fragment programs: 256
14:26:53:  * Number of integer constants for fragment programs: 0
14:26:53:  * Number of boolean constants for fragment programs: 0
14:26:53:  * Geometry programs: yes
14:26:53:  * Number of floating-point constants for geometry programs: 4096
14:26:53:  * Number of integer constants for geometry programs: 0
14:26:53:  * Number of boolean constants for geometry programs: 0
14:26:53:  * Tesselation Hull programs: no
14:26:53:  * Number of floating-point constants for tesselation hull programs: 14592
14:26:53:  * Number of integer constants for tesselation hull programs: 52224
14:26:53:  * Number of boolean constants for tesselation hull programs: 52428
14:26:53:  * Tesselation Domain programs: no
14:26:53:  * Number of floating-point constants for tesselation domain programs: 52428
14:26:53:  * Number of integer constants for tesselation domain programs: 52428
14:26:53:  * Number of boolean constants for tesselation domain programs: 52428
14:26:53:  * Compute programs: no
14:26:53:  * Number of floating-point constants for compute programs: 32
14:26:53:  * Number of integer constants for compute programs: 0
14:26:53:  * Number of boolean constants for compute programs: 0
14:26:53:  * Supported Shader Profiles: arbfp1 arbvp1 glsl glsl100 glsl110 glsl120 gp4gp gpu_gp nvgp4
14:26:53:  * Texture Compression: yes
14:26:53:    - DXT: yes
14:26:53:    - VTC: no
14:26:53:    - PVRTC: no
14:26:53:    - ATC: no
14:26:53:    - ETC1: no
14:26:53:    - ETC2: no
14:26:53:    - BC4/BC5: no
14:26:53:    - BC6H/BC7: no
14:26:53:  * Scissor Rectangle: yes
14:26:53:  * Hardware Occlusion Query: yes
14:26:53:  * User clip planes: yes
14:26:53:  * VET_UBYTE4 vertex element type: yes
14:26:53:  * Infinite far plane projection: yes
14:26:53:  * Hardware render-to-texture: yes
14:26:53:  * Floating point textures: yes
14:26:53:  * Non-power-of-two textures: yes
14:26:53:  * 1d textures: yes
14:26:53:  * Volume textures: yes
14:26:53:  * Multiple Render Targets: 8
14:26:53:    - With different bit depths: yes
14:26:53:  * Point Sprites: yes
14:26:53:  * Extended point parameters: yes
14:26:53:  * Max Point Size: 255
14:26:53:  * Vertex texture fetch: yes
14:26:53:  * Number of world matrices: 0
14:26:53:  * Number of texture units: 16
14:26:53:  * Stencil buffer depth: 8
14:26:53:  * Number of vertex blend matrices: 0
14:26:53:    - Max vertex textures: 32
14:26:53:    - Vertex textures shared: yes
14:26:53:  * Render to Vertex Buffer : no
14:26:53:  * Hardware Atomic Counters: no
14:26:53:  * GL 1.5 without VBO workaround: no
14:26:53:  * Frame Buffer objects: yes
14:26:53:  * Frame Buffer objects (ARB extension): no
14:26:53:  * Frame Buffer objects (ATI extension): no
14:26:53:  * PBuffer support: yes
14:26:53:  * GL 1.5 without HW-occlusion workaround: no
14:26:53:  * Vertex Array Objects: no
14:26:53:  * Separate shader objects: no
14:26:53: DefaultWorkQueue('Root') initialising on thread 287c.
14:26:53: DefaultWorkQueue('Root')::WorkerFunc - thread 57c starting.
14:26:53: DefaultWorkQueue('Root')::WorkerFunc - thread 2850 starting.
14:26:53: DefaultWorkQueue('Root')::WorkerFunc - thread 200c starting.
14:26:53: DefaultWorkQueue('Root')::WorkerFunc - thread 984 starting.
14:26:53: Particle Renderer Type 'billboard' registered
14:26:53: SceneManagerFactory for type 'OctreeSceneManager' registered.
14:26:53: Added resource location 'fish.zip' of type 'Zip' to resource group 'General'
14:26:53: Added resource location 'resource.zip' of type 'Zip' to resource group 'General'
14:26:53: Parsing scripts for resource group Autodetect
14:26:53: Finished parsing scripts for resource group Autodetect
14:26:53: Creating resources for group Autodetect
14:26:53: All done
14:26:53: Parsing scripts for resource group General
14:26:53: Parsing script fish.material
14:26:53: Parsing script Dustin.material
14:26:53: Compiler error: fewer parameters expected in Dustin.material(14): texture_alias must have at most 1 argument
14:26:53: Compiler error: fewer parameters expected in Dustin.material(35): texture_alias must have at most 1 argument
14:26:53: Compiler error: fewer parameters expected in Dustin.material(56): texture_alias must have at most 1 argument
14:26:53: Compiler error: fewer parameters expected in Dustin.material(77): texture_alias must have at most 1 argument
14:26:53: Compiler error: fewer parameters expected in Dustin.material(98): texture_alias must have at most 1 argument
14:26:53: Parsing script ninja.material
14:26:53: Parsing script axes.material
14:26:53: Parsing script fish.material
14:26:53: Finished parsing scripts for resource group General
14:26:53: Creating resources for group General
14:26:53: All done
14:26:53: Parsing scripts for resource group Internal
14:26:53: Finished parsing scripts for resource group Internal
14:26:53: Creating resources for group Internal
14:26:53: All done
14:26:53: Mesh: Loading axes.mesh.
14:26:53: WARNING: axes.mesh is an older format ([MeshSerializer_v1.30]); you should upgrade it as soon as possible using the OgreMeshUpgrade tool.
14:26:53: Texture: axes.png: Loading 1 faces(PF_R8G8B8,256x256x1) with 8 generated mipmaps from Image. Internal format is PF_X8R8G8B8,256x256x1.
14:26:53: Can't assign material GridPlaneMaterial to the ManualObject GridPlane because this Material does not exist. Have you forgotten to define it in a .material script?
14:26:53: Mesh: Loading DustinBody.mesh.
14:26:53: Skeleton: Loading DustinBody_mesh.skeleton
14:26:53: WARNING: DustinBody.mesh is an older format ([MeshSerializer_v1.30]); you should upgrade it as soon as possible using the OgreMeshUpgrade tool.
14:26:53: Texture: dustinbody.png: Loading 1 faces(PF_A8R8G8B8,1024x1024x1) with 10 generated mipmaps from Image. Internal format is PF_A8R8G8B8,1024x1024x1.
14:26:53: Texture: DustinFace.png: Loading 1 faces(PF_A8R8G8B8,1024x1024x1) with 10 generated mipmaps from Image. Internal format is PF_A8R8G8B8,1024x1024x1.
14:26:54: Texture: dustinface.png: Loading 1 faces(PF_A8R8G8B8,1024x1024x1) with 10 generated mipmaps from Image. Internal format is PF_A8R8G8B8,1024x1024x1.
14:26:54: Mesh: Loading fish.mesh.
14:26:54: Skeleton: Loading fish.skeleton
14:26:54: WARNING: fish.mesh is an older format ([MeshSerializer_v1.40]); you should upgrade it as soon as possible using the OgreMeshUpgrade tool.
14:26:54: Texture: steelhead.png: Loading 1 faces(PF_R8G8B8,256x256x1) with 8 generated mipmaps from Image. Internal format is PF_X8R8G8B8,256x256x1.
14:26:54: WARNING: the mesh 'fish.mesh' includes vertices without bone assignments. Those vertices will transform to wrong position when skeletal animation enabled. To eliminate this, assign at least one bone assignment per vertex on your mesh.
14:27:06: DefaultWorkQueue('Root') shutting down on thread 287c.
14:27:06: DefaultWorkQueue('Root')::WorkerFunc - thread 984 stopped.
14:27:06: DefaultWorkQueue('Root')::WorkerFunc - thread 200c stopped.
14:27:06: DefaultWorkQueue('Root')::WorkerFunc - thread 2850 stopped.
14:27:06: DefaultWorkQueue('Root')::WorkerFunc - thread 57c stopped.
14:27:06: *-*-* OGRE Shutdown
14:27:06: Unregistering ResourceManager for type Compositor
14:27:06: Unregistering ResourceManager for type Skeleton
14:27:06: Unregistering ResourceManager for type Mesh
14:27:06: Unregistering ResourceManager for type HighLevelGpuProgram
14:27:06: Uninstalling plugin: Octree Scene Manager
14:27:06: Plugin successfully uninstalled
14:27:06: Unloading library .\Plugin_OctreeSceneManager_d
14:27:06: Uninstalling plugin: GL RenderSystem
14:27:06: Unregistering ResourceManager for type GpuProgram
14:27:06: *** Stopping Win32GL Subsystem ***
14:27:06: Unregistering ResourceManager for type Texture
14:27:06: Plugin successfully uninstalled
14:27:06: Unloading library .\RenderSystem_GL_d
14:27:06: Unregistering ResourceManager for type Material
